<?xml version="1.0" encoding="UTF-8"?>
<testng-results ignored="0" total="1" passed="1" failed="0" skipped="0">
  <reporter-output>
  </reporter-output>
  <suite started-at="2022-01-23T12:19:45 MSK" name="All Test Suite" finished-at="2022-01-23T12:19:49 MSK" duration-ms="3906">
    <groups>
    </groups>
    <test started-at="2022-01-23T12:19:45 MSK" name="Task3" finished-at="2022-01-23T12:19:49 MSK" duration-ms="3906">
      <class name="TestTask3">
        <test-method signature="testAPI()[pri:0, instance:TestTask3@464a4442]" started-at="2022-01-23T12:19:45 MSK" name="testAPI" finished-at="2022-01-23T12:19:49 MSK" duration-ms="3860" status="PASS">
          <reporter-output>
          </reporter-output>
        </test-method> <!-- testAPI -->
      </class> <!-- TestTask3 -->
    </test> <!-- Task3 -->
  </suite> <!-- All Test Suite -->
</testng-results>
